2013-01-29 15:14:23,674 [DEBUG] org.jboss.logging  - Logging Provider: org.jboss.logging.Log4jLoggerProvider
2013-01-29 15:14:23,675 [INFO ] org.hibernate.validator.internal.util.Version  - HV000001: Hibernate Validator 4.3.1.Final
2013-01-29 15:14:23,681 [DEBUG] org.hibernate.validator.internal.engine.resolver.DefaultTraversableResolver  - Cannot find javax.persistence.Persistence on classpath. Assuming non JPA 2 environment. All properties will per default be traversable.
2013-01-29 15:14:23,682 [DEBUG] org.hibernate.validator.internal.xml.ValidationXmlParser  - Trying to load META-INF/validation.xml for XML based Validator configuration.
2013-01-29 15:14:23,685 [DEBUG] org.hibernate.validator.internal.xml.ValidationXmlParser  - No META-INF/validation.xml found. Using annotation based configuration only.
2013-01-29 15:14:23,885 [DEBUG] org.springframework.web.servlet.DispatcherServlet  - Initializing servlet 'spring'
2013-01-29 15:14:23,927 [DEBUG] org.springframework.web.context.support.StandardServletEnvironment  - Initializing new StandardServletEnvironment
2013-01-29 15:14:23,928 [DEBUG] org.springframework.web.context.support.StandardServletEnvironment  - Adding [servletConfigInitParams] PropertySource with lowest search precedence
2013-01-29 15:14:23,928 [DEBUG] org.springframework.web.context.support.StandardServletEnvironment  - Adding [servletContextInitParams] PropertySource with lowest search precedence
2013-01-29 15:14:23,930 [DEBUG] org.springframework.web.context.support.StandardServletEnvironment  - Adding [jndiProperties] PropertySource with lowest search precedence
2013-01-29 15:14:23,930 [DEBUG] org.springframework.web.context.support.StandardServletEnvironment  - Adding [systemProperties] PropertySource with lowest search precedence
2013-01-29 15:14:23,930 [DEBUG] org.springframework.web.context.support.StandardServletEnvironment  - Adding [systemEnvironment] PropertySource with lowest search precedence
2013-01-29 15:14:23,931 [DEBUG] org.springframework.web.context.support.StandardServletEnvironment  - Initialized StandardServletEnvironment with PropertySources [servletConfigInitParams,servletContextInitParams,jndiProperties,systemProperties,systemEnvironment]
2013-01-29 15:14:23,932 [INFO ] org.springframework.web.servlet.DispatcherServlet  - FrameworkServlet 'spring': initialization started
2013-01-29 15:14:23,934 [DEBUG] org.springframework.web.servlet.DispatcherServlet  - Servlet with name 'spring' will try to create custom WebApplicationContext context of class 'org.springframework.web.context.support.XmlWebApplicationContext', using parent context [null]
2013-01-29 15:14:23,949 [DEBUG] org.springframework.web.context.support.StandardServletEnvironment  - Replacing [servletContextInitParams] PropertySource with [servletContextInitParams]
2013-01-29 15:14:23,949 [DEBUG] org.springframework.web.context.support.StandardServletEnvironment  - Replacing [servletConfigInitParams] PropertySource with [servletConfigInitParams]
2013-01-29 15:14:23,950 [INFO ] org.springframework.web.context.support.XmlWebApplicationContext  - Refreshing WebApplicationContext for namespace 'spring-servlet': startup date [Tue Jan 29 15:14:23 BRST 2013]; root of context hierarchy
2013-01-29 15:14:23,975 [DEBUG] org.springframework.core.env.StandardEnvironment  - Initializing new StandardEnvironment
2013-01-29 15:14:23,975 [DEBUG] org.springframework.core.env.StandardEnvironment  - Adding [systemProperties] PropertySource with lowest search precedence
2013-01-29 15:14:23,975 [DEBUG] org.springframework.core.env.StandardEnvironment  - Adding [systemEnvironment] PropertySource with lowest search precedence
2013-01-29 15:14:23,975 [DEBUG] org.springframework.core.env.StandardEnvironment  - Initialized StandardEnvironment with PropertySources [systemProperties,systemEnvironment]
2013-01-29 15:14:23,975 [DEBUG] org.springframework.core.env.StandardEnvironment  - Initializing new StandardEnvironment
2013-01-29 15:14:23,975 [DEBUG] org.springframework.core.env.StandardEnvironment  - Adding [systemProperties] PropertySource with lowest search precedence
2013-01-29 15:14:23,975 [DEBUG] org.springframework.core.env.StandardEnvironment  - Adding [systemEnvironment] PropertySource with lowest search precedence
2013-01-29 15:14:23,976 [DEBUG] org.springframework.core.env.StandardEnvironment  - Initialized StandardEnvironment with PropertySources [systemProperties,systemEnvironment]
2013-01-29 15:14:23,981 [INFO ] org.springframework.beans.factory.xml.XmlBeanDefinitionReader  - Loading XML bean definitions from ServletContext resource [/WEB-INF/spring-servlet.xml]
2013-01-29 15:14:23,982 [DEBUG] org.springframework.beans.factory.xml.DefaultDocumentLoader  - Using JAXP provider [com.sun.org.apache.xerces.internal.jaxp.DocumentBuilderFactoryImpl]
2013-01-29 15:14:23,983 [DEBUG] org.springframework.beans.factory.xml.PluggableSchemaResolver  - Loading schema mappings from [META-INF/spring.schemas]
2013-01-29 15:14:23,986 [DEBUG] org.springframework.beans.factory.xml.PluggableSchemaResolver  - Loaded schema mappings: {http://www.springframework.org/schema/oxm/spring-oxm-3.0.xsd=org/springframework/oxm/config/spring-oxm-3.0.xsd, http://www.springframework.org/schema/util/spring-util.xsd=org/springframework/beans/factory/xml/spring-util-3.2.xsd, http://www.springframework.org/schema/jee/spring-jee-3.2.xsd=org/springframework/ejb/config/spring-jee-3.2.xsd, http://www.springframework.org/schema/jms/spring-jms-3.0.xsd=org/springframework/jms/config/spring-jms-3.0.xsd, http://www.springframework.org/schema/mvc/spring-mvc-3.1.xsd=org/springframework/web/servlet/config/spring-mvc-3.1.xsd, http://www.springframework.org/schema/task/spring-task.xsd=org/springframework/scheduling/config/spring-task-3.2.xsd, http://www.springframework.org/schema/beans/spring-beans-3.1.xsd=org/springframework/beans/factory/xml/spring-beans-3.1.xsd, http://www.springframework.org/schema/cache/spring-cache.xsd=org/springframework/cache/config/spring-cache-3.2.xsd, http://www.springframework.org/schema/aop/spring-aop-3.0.xsd=org/springframework/aop/config/spring-aop-3.0.xsd, http://www.springframework.org/schema/task/spring-task-3.1.xsd=org/springframework/scheduling/config/spring-task-3.1.xsd, http://www.springframework.org/schema/aop/spring-aop-2.0.xsd=org/springframework/aop/config/spring-aop-2.0.xsd, http://www.springframework.org/schema/oxm/spring-oxm.xsd=org/springframework/oxm/config/spring-oxm-3.2.xsd, http://www.springframework.org/schema/tool/spring-tool-2.5.xsd=org/springframework/beans/factory/xml/spring-tool-2.5.xsd, http://www.springframework.org/schema/beans/spring-beans.xsd=org/springframework/beans/factory/xml/spring-beans-3.2.xsd, http://www.springframework.org/schema/jee/spring-jee-2.5.xsd=org/springframework/ejb/config/spring-jee-2.5.xsd, http://www.springframework.org/schema/jdbc/spring-jdbc-3.1.xsd=org/springframework/jdbc/config/spring-jdbc-3.1.xsd, http://www.springframework.org/schema/tool/spring-tool-3.1.xsd=org/springframework/beans/factory/xml/spring-tool-3.1.xsd, http://www.springframework.org/schema/jee/spring-jee-3.1.xsd=org/springframework/ejb/config/spring-jee-3.1.xsd, http://www.springframework.org/schema/aop/spring-aop.xsd=org/springframework/aop/config/spring-aop-3.2.xsd, http://www.springframework.org/schema/tx/spring-tx-3.2.xsd=org/springframework/transaction/config/spring-tx-3.2.xsd, http://www.springframework.org/schema/context/spring-context-3.2.xsd=org/springframework/context/config/spring-context-3.2.xsd, http://www.springframework.org/schema/beans/spring-beans-2.0.xsd=org/springframework/beans/factory/xml/spring-beans-2.0.xsd, http://www.springframework.org/schema/util/spring-util-3.2.xsd=org/springframework/beans/factory/xml/spring-util-3.2.xsd, http://www.springframework.org/schema/mvc/spring-mvc-3.0.xsd=org/springframework/web/servlet/config/spring-mvc-3.0.xsd, http://www.springframework.org/schema/lang/spring-lang-3.2.xsd=org/springframework/scripting/config/spring-lang-3.2.xsd, http://www.springframework.org/schema/beans/spring-beans-3.0.xsd=org/springframework/beans/factory/xml/spring-beans-3.0.xsd, http://www.springframework.org/schema/cache/spring-cache-3.2.xsd=org/springframework/cache/config/spring-cache-3.2.xsd, http://www.springframework.org/schema/task/spring-task-3.0.xsd=org/springframework/scheduling/config/spring-task-3.0.xsd, http://www.springframework.org/schema/oxm/spring-oxm-3.2.xsd=org/springframework/oxm/config/spring-oxm-3.2.xsd, http://www.springframework.org/schema/tx/spring-tx-2.5.xsd=org/springframework/transaction/config/spring-tx-2.5.xsd, http://www.springframework.org/schema/context/spring-context-2.5.xsd=org/springframework/context/config/spring-context-2.5.xsd, http://www.springframework.org/schema/jdbc/spring-jdbc-3.0.xsd=org/springframework/jdbc/config/spring-jdbc-3.0.xsd, http://www.springframework.org/schema/jms/spring-jms-3.2.xsd=org/springframework/jms/config/spring-jms-3.2.xsd, http://www.springframework.org/schema/tool/spring-tool-3.0.xsd=org/springframework/beans/factory/xml/spring-tool-3.0.xsd, http://www.springframework.org/schema/tx/spring-tx.xsd=org/springframework/transaction/config/spring-tx-3.2.xsd, http://www.springframework.org/schema/lang/spring-lang.xsd=org/springframework/scripting/config/spring-lang-3.2.xsd, http://www.springframework.org/schema/tool/spring-tool-2.0.xsd=org/springframework/beans/factory/xml/spring-tool-2.0.xsd, http://www.springframework.org/schema/util/spring-util-2.5.xsd=org/springframework/beans/factory/xml/spring-util-2.5.xsd, http://www.springframework.org/schema/lang/spring-lang-2.5.xsd=org/springframework/scripting/config/spring-lang-2.5.xsd, http://www.springframework.org/schema/aop/spring-aop-3.2.xsd=org/springframework/aop/config/spring-aop-3.2.xsd, http://www.springframework.org/schema/jee/spring-jee-3.0.xsd=org/springframework/ejb/config/spring-jee-3.0.xsd, http://www.springframework.org/schema/tx/spring-tx-3.1.xsd=org/springframework/transaction/config/spring-tx-3.1.xsd, http://www.springframework.org/schema/jee/spring-jee-2.0.xsd=org/springframework/ejb/config/spring-jee-2.0.xsd, http://www.springframework.org/schema/context/spring-context-3.1.xsd=org/springframework/context/config/spring-context-3.1.xsd, http://www.springframework.org/schema/util/spring-util-3.1.xsd=org/springframework/beans/factory/xml/spring-util-3.1.xsd, http://www.springframework.org/schema/lang/spring-lang-3.1.xsd=org/springframework/scripting/config/spring-lang-3.1.xsd, http://www.springframework.org/schema/cache/spring-cache-3.1.xsd=org/springframework/cache/config/spring-cache-3.1.xsd, http://www.springframework.org/schema/context/spring-context.xsd=org/springframework/context/config/spring-context-3.2.xsd, http://www.springframework.org/schema/jee/spring-jee.xsd=org/springframework/ejb/config/spring-jee-3.2.xsd, http://www.springframework.org/schema/jms/spring-jms-2.5.xsd=org/springframework/jms/config/spring-jms-2.5.xsd, http://www.springframework.org/schema/oxm/spring-oxm-3.1.xsd=org/springframework/oxm/config/spring-oxm-3.1.xsd, http://www.springframework.org/schema/jms/spring-jms.xsd=org/springframework/jms/config/spring-jms-3.2.xsd, http://www.springframework.org/schema/aop/spring-aop-2.5.xsd=org/springframework/aop/config/spring-aop-2.5.xsd, http://www.springframework.org/schema/mvc/spring-mvc.xsd=org/springframework/web/servlet/config/spring-mvc-3.2.xsd, http://www.springframework.org/schema/jms/spring-jms-3.1.xsd=org/springframework/jms/config/spring-jms-3.1.xsd, http://www.springframework.org/schema/mvc/spring-mvc-3.2.xsd=org/springframework/web/servlet/config/spring-mvc-3.2.xsd, http://www.springframework.org/schema/jdbc/spring-jdbc.xsd=org/springframework/jdbc/config/spring-jdbc-3.2.xsd, http://www.springframework.org/schema/beans/spring-beans-3.2.xsd=org/springframework/beans/factory/xml/spring-beans-3.2.xsd, http://www.springframework.org/schema/tx/spring-tx-2.0.xsd=org/springframework/transaction/config/spring-tx-2.0.xsd, http://www.springframework.org/schema/aop/spring-aop-3.1.xsd=org/springframework/aop/config/spring-aop-3.1.xsd, http://www.springframework.org/schema/task/spring-task-3.2.xsd=org/springframework/scheduling/config/spring-task-3.2.xsd, http://www.springframework.org/schema/tx/spring-tx-3.0.xsd=org/springframework/transaction/config/spring-tx-3.0.xsd, http://www.springframework.org/schema/context/spring-context-3.0.xsd=org/springframework/context/config/spring-context-3.0.xsd, http://www.springframework.org/schema/tool/spring-tool.xsd=org/springframework/beans/factory/xml/spring-tool-3.2.xsd, http://www.springframework.org/schema/util/spring-util-3.0.xsd=org/springframework/beans/factory/xml/spring-util-3.0.xsd, http://www.springframework.org/schema/lang/spring-lang-3.0.xsd=org/springframework/scripting/config/spring-lang-3.0.xsd, http://www.springframework.org/schema/util/spring-util-2.0.xsd=org/springframework/beans/factory/xml/spring-util-2.0.xsd, http://www.springframework.org/schema/lang/spring-lang-2.0.xsd=org/springframework/scripting/config/spring-lang-2.0.xsd, http://www.springframework.org/schema/jdbc/spring-jdbc-3.2.xsd=org/springframework/jdbc/config/spring-jdbc-3.2.xsd, http://www.springframework.org/schema/tool/spring-tool-3.2.xsd=org/springframework/beans/factory/xml/spring-tool-3.2.xsd, http://www.springframework.org/schema/beans/spring-beans-2.5.xsd=org/springframework/beans/factory/xml/spring-beans-2.5.xsd}
2013-01-29 15:14:23,986 [DEBUG] org.springframework.beans.factory.xml.PluggableSchemaResolver  - Found XML schema [http://www.springframework.org/schema/beans/spring-beans-3.0.xsd] in classpath: org/springframework/beans/factory/xml/spring-beans-3.0.xsd
2013-01-29 15:14:23,993 [DEBUG] org.springframework.beans.factory.xml.PluggableSchemaResolver  - Found XML schema [http://www.springframework.org/schema/mvc/spring-mvc-3.0.xsd] in classpath: org/springframework/web/servlet/config/spring-mvc-3.0.xsd
2013-01-29 15:14:23,994 [DEBUG] org.springframework.beans.factory.xml.PluggableSchemaResolver  - Found XML schema [http://www.springframework.org/schema/tool/spring-tool-3.0.xsd] in classpath: org/springframework/beans/factory/xml/spring-tool-3.0.xsd
2013-01-29 15:14:23,996 [DEBUG] org.springframework.beans.factory.xml.PluggableSchemaResolver  - Found XML schema [http://www.springframework.org/schema/context/spring-context-3.0.xsd] in classpath: org/springframework/context/config/spring-context-3.0.xsd
2013-01-29 15:14:24,002 [DEBUG] org.springframework.beans.factory.xml.DefaultBeanDefinitionDocumentReader  - Loading bean definitions
2013-01-29 15:14:24,010 [DEBUG] org.springframework.beans.factory.xml.DefaultNamespaceHandlerResolver  - Loaded NamespaceHandler mappings: {http://www.springframework.org/schema/p=org.springframework.beans.factory.xml.SimplePropertyNamespaceHandler, http://www.springframework.org/schema/mvc=org.springframework.web.servlet.config.MvcNamespaceHandler, http://www.springframework.org/schema/util=org.springframework.beans.factory.xml.UtilNamespaceHandler, http://www.springframework.org/schema/jee=org.springframework.ejb.config.JeeNamespaceHandler, http://www.springframework.org/schema/aop=org.springframework.aop.config.AopNamespaceHandler, http://www.springframework.org/schema/oxm=org.springframework.oxm.config.OxmNamespaceHandler, http://www.springframework.org/schema/jdbc=org.springframework.jdbc.config.JdbcNamespaceHandler, http://www.springframework.org/schema/cache=org.springframework.cache.config.CacheNamespaceHandler, http://www.springframework.org/schema/c=org.springframework.beans.factory.xml.SimpleConstructorNamespaceHandler, http://www.springframework.org/schema/tx=org.springframework.transaction.config.TxNamespaceHandler, http://www.springframework.org/schema/jms=org.springframework.jms.config.JmsNamespaceHandler, http://www.springframework.org/schema/task=org.springframework.scheduling.config.TaskNamespaceHandler, http://www.springframework.org/schema/lang=org.springframework.scripting.config.LangNamespaceHandler, http://www.springframework.org/schema/context=org.springframework.context.config.ContextNamespaceHandler}
2013-01-29 15:14:24,053 [DEBUG] org.springframework.core.env.StandardEnvironment  - Initializing new StandardEnvironment
2013-01-29 15:14:24,053 [DEBUG] org.springframework.core.env.StandardEnvironment  - Adding [systemProperties] PropertySource with lowest search precedence
2013-01-29 15:14:24,054 [DEBUG] org.springframework.core.env.StandardEnvironment  - Adding [systemEnvironment] PropertySource with lowest search precedence
2013-01-29 15:14:24,054 [DEBUG] org.springframework.core.env.StandardEnvironment  - Initialized StandardEnvironment with PropertySources [systemProperties,systemEnvironment]
2013-01-29 15:14:24,060 [DEBUG] org.springframework.core.io.support.PathMatchingResourcePatternResolver  - Looking for matching resources in directory tree [/usr/local/apache-tomcat-7.0.35/webapps/FirstSpringMVC/WEB-INF/classes/net/henrylawson/firstspringmvc/controller]
2013-01-29 15:14:24,060 [DEBUG] org.springframework.core.io.support.PathMatchingResourcePatternResolver  - Searching directory [/usr/local/apache-tomcat-7.0.35/webapps/FirstSpringMVC/WEB-INF/classes/net/henrylawson/firstspringmvc/controller] for files matching pattern [/usr/local/apache-tomcat-7.0.35/webapps/FirstSpringMVC/WEB-INF/classes/net/henrylawson/firstspringmvc/controller/**/*.class]
2013-01-29 15:14:24,062 [DEBUG] org.springframework.core.io.support.PathMatchingResourcePatternResolver  - Resolved location pattern [classpath*:net/henrylawson/firstspringmvc/controller/**/*.class] to resources [file [/usr/local/apache-tomcat-7.0.35/webapps/FirstSpringMVC/WEB-INF/classes/net/henrylawson/firstspringmvc/controller/HelloWorldController.class]]
2013-01-29 15:14:24,082 [DEBUG] org.springframework.context.annotation.ClassPathBeanDefinitionScanner  - Identified candidate component class: file [/usr/local/apache-tomcat-7.0.35/webapps/FirstSpringMVC/WEB-INF/classes/net/henrylawson/firstspringmvc/controller/HelloWorldController.class]
2013-01-29 15:14:24,092 [DEBUG] org.springframework.beans.factory.xml.BeanDefinitionParserDelegate  - Neither XML 'id' nor 'name' specified - using generated bean name [org.springframework.web.servlet.view.InternalResourceViewResolver#0]
2013-01-29 15:14:24,094 [DEBUG] org.springframework.beans.factory.xml.XmlBeanDefinitionReader  - Loaded 19 bean definitions from location pattern [/WEB-INF/spring-servlet.xml]
2013-01-29 15:14:24,094 [DEBUG] org.springframework.web.context.support.XmlWebApplicationContext  - Bean factory for WebApplicationContext for namespace 'spring-servlet': org.springframework.beans.factory.support.DefaultListableBeanFactory@5f0940e: defining beans [mvcContentNegotiationManager,org.springframework.web.servlet.mvc.method.annotation.RequestMappingHandlerMapping#0,org.springframework.format.support.FormattingConversionServiceFactoryBean#0,org.springframework.validation.beanvalidation.LocalValidatorFactoryBean#0,org.springframework.web.servlet.mvc.method.annotation.RequestMappingHandlerAdapter#0,org.springframework.web.servlet.handler.MappedInterceptor#0,org.springframework.web.servlet.mvc.method.annotation.ExceptionHandlerExceptionResolver#0,org.springframework.web.servlet.mvc.annotation.ResponseStatusExceptionResolver#0,org.springframework.web.servlet.mvc.support.DefaultHandlerExceptionResolver#0,org.springframework.web.servlet.handler.BeanNameUrlHandlerMapping,org.springframework.web.servlet.mvc.HttpRequestHandlerAdapter,org.springframework.web.servlet.mvc.SimpleControllerHandlerAdapter,helloWorldController,org.springframework.context.annotation.internalConfigurationAnnotationProcessor,org.springframework.context.annotation.internalAutowiredAnnotationProcessor,org.springframework.context.annotation.internalRequiredAnnotationProcessor,org.springframework.context.annotation.internalCommonAnnotationProcessor,org.springframework.web.servlet.view.InternalResourceViewResolver#0,messageSource]; root of factory hierarchy
2013-01-29 15:14:24,112 [DEBUG] org.springframework.beans.factory.support.DefaultListableBeanFactory  - Creating shared instance of singleton bean 'org.springframework.context.annotation.internalConfigurationAnnotationProcessor'
2013-01-29 15:14:24,113 [DEBUG] org.springframework.beans.factory.support.DefaultListableBeanFactory  - Creating instance of bean 'org.springframework.context.annotation.internalConfigurationAnnotationProcessor'
2013-01-29 15:14:24,117 [DEBUG] org.springframework.beans.factory.support.DefaultListableBeanFactory  - Eagerly caching bean 'org.springframework.context.annotation.internalConfigurationAnnotationProcessor' to allow for resolving potential circular references
2013-01-29 15:14:24,119 [DEBUG] org.springframework.beans.factory.support.DefaultListableBeanFactory  - Finished creating instance of bean 'org.springframework.context.annotation.internalConfigurationAnnotationProcessor'
2013-01-29 15:14:24,158 [DEBUG] org.springframework.beans.factory.support.DefaultListableBeanFactory  - Creating shared instance of singleton bean 'org.springframework.context.annotation.internalAutowiredAnnotationProcessor'
2013-01-29 15:14:24,158 [DEBUG] org.springframework.beans.factory.support.DefaultListableBeanFactory  - Creating instance of bean 'org.springframework.context.annotation.internalAutowiredAnnotationProcessor'
2013-01-29 15:14:24,158 [DEBUG] org.springframework.beans.factory.support.DefaultListableBeanFactory  - Eagerly caching bean 'org.springframework.context.annotation.internalAutowiredAnnotationProcessor' to allow for resolving potential circular references
2013-01-29 15:14:24,158 [DEBUG] org.springframework.beans.factory.support.DefaultListableBeanFactory  - Finished creating instance of bean 'org.springframework.context.annotation.internalAutowiredAnnotationProcessor'
2013-01-29 15:14:24,159 [DEBUG] org.springframework.beans.factory.support.DefaultListableBeanFactory  - Creating shared instance of singleton bean 'org.springframework.context.annotation.internalRequiredAnnotationProcessor'
2013-01-29 15:14:24,159 [DEBUG] org.springframework.beans.factory.support.DefaultListableBeanFactory  - Creating instance of bean 'org.springframework.context.annotation.internalRequiredAnnotationProcessor'
2013-01-29 15:14:24,159 [DEBUG] org.springframework.beans.factory.support.DefaultListableBeanFactory  - Eagerly caching bean 'org.springframework.context.annotation.internalRequiredAnnotationProcessor' to allow for resolving potential circular references
2013-01-29 15:14:24,159 [DEBUG] org.springframework.beans.factory.support.DefaultListableBeanFactory  - Finished creating instance of bean 'org.springframework.context.annotation.internalRequiredAnnotationProcessor'
2013-01-29 15:14:24,159 [DEBUG] org.springframework.beans.factory.support.DefaultListableBeanFactory  - Creating shared instance of singleton bean 'org.springframework.context.annotation.internalCommonAnnotationProcessor'
2013-01-29 15:14:24,159 [DEBUG] org.springframework.beans.factory.support.DefaultListableBeanFactory  - Creating instance of bean 'org.springframework.context.annotation.internalCommonAnnotationProcessor'
2013-01-29 15:14:24,160 [DEBUG] org.springframework.beans.factory.support.DefaultListableBeanFactory  - Eagerly caching bean 'org.springframework.context.annotation.internalCommonAnnotationProcessor' to allow for resolving potential circular references
2013-01-29 15:14:24,160 [DEBUG] org.springframework.beans.factory.support.DefaultListableBeanFactory  - Finished creating instance of bean 'org.springframework.context.annotation.internalCommonAnnotationProcessor'
2013-01-29 15:14:24,160 [DEBUG] org.springframework.beans.factory.support.DefaultListableBeanFactory  - Creating shared instance of singleton bean 'org.springframework.context.annotation.ConfigurationClassPostProcessor.importAwareProcessor'
2013-01-29 15:14:24,160 [DEBUG] org.springframework.beans.factory.support.DefaultListableBeanFactory  - Creating instance of bean 'org.springframework.context.annotation.ConfigurationClassPostProcessor.importAwareProcessor'
2013-01-29 15:14:24,160 [DEBUG] org.springframework.beans.factory.support.DefaultListableBeanFactory  - Eagerly caching bean 'org.springframework.context.annotation.ConfigurationClassPostProcessor.importAwareProcessor' to allow for resolving potential circular references
2013-01-29 15:14:24,160 [DEBUG] org.springframework.beans.factory.support.DefaultListableBeanFactory  - Finished creating instance of bean 'org.springframework.context.annotation.ConfigurationClassPostProcessor.importAwareProcessor'
2013-01-29 15:14:24,161 [DEBUG] org.springframework.beans.factory.support.DefaultListableBeanFactory  - Creating shared instance of singleton bean 'messageSource'
2013-01-29 15:14:24,161 [DEBUG] org.springframework.beans.factory.support.DefaultListableBeanFactory  - Creating instance of bean 'messageSource'
2013-01-29 15:14:24,163 [DEBUG] org.springframework.beans.factory.support.DefaultListableBeanFactory  - Eagerly caching bean 'messageSource' to allow for resolving potential circular references
2013-01-29 15:14:24,186 [DEBUG] org.springframework.beans.factory.support.DefaultListableBeanFactory  - Finished creating instance of bean 'messageSource'
2013-01-29 15:14:24,186 [DEBUG] org.springframework.web.context.support.XmlWebApplicationContext  - Using MessageSource [org.springframework.context.support.ResourceBundleMessageSource: basenames=[messages]]
2013-01-29 15:14:24,187 [DEBUG] org.springframework.web.context.support.XmlWebApplicationContext  - Unable to locate ApplicationEventMulticaster with name 'applicationEventMulticaster': using default [org.springframework.context.event.SimpleApplicationEventMulticaster@3a57c332]
2013-01-29 15:14:24,189 [DEBUG] org.springframework.ui.context.support.UiApplicationContextUtils  - Unable to locate ThemeSource with name 'themeSource': using default [org.springframework.ui.context.support.ResourceBundleThemeSource@57d0258a]
2013-01-29 15:14:24,191 [INFO ] org.springframework.beans.factory.support.DefaultListableBeanFactory  - Pre-instantiating singletons in org.springframework.beans.factory.support.DefaultListableBeanFactory@5f0940e: defining beans [mvcContentNegotiationManager,org.springframework.web.servlet.mvc.method.annotation.RequestMappingHandlerMapping#0,org.springframework.format.support.FormattingConversionServiceFactoryBean#0,org.springframework.validation.beanvalidation.LocalValidatorFactoryBean#0,org.springframework.web.servlet.mvc.method.annotation.RequestMappingHandlerAdapter#0,org.springframework.web.servlet.handler.MappedInterceptor#0,org.springframework.web.servlet.mvc.method.annotation.ExceptionHandlerExceptionResolver#0,org.springframework.web.servlet.mvc.annotation.ResponseStatusExceptionResolver#0,org.springframework.web.servlet.mvc.support.DefaultHandlerExceptionResolver#0,org.springframework.web.servlet.handler.BeanNameUrlHandlerMapping,org.springframework.web.servlet.mvc.HttpRequestHandlerAdapter,org.springframework.web.servlet.mvc.SimpleControllerHandlerAdapter,helloWorldController,org.springframework.context.annotation.internalConfigurationAnnotationProcessor,org.springframework.context.annotation.internalAutowiredAnnotationProcessor,org.springframework.context.annotation.internalRequiredAnnotationProcessor,org.springframework.context.annotation.internalCommonAnnotationProcessor,org.springframework.web.servlet.view.InternalResourceViewResolver#0,messageSource,org.springframework.context.annotation.ConfigurationClassPostProcessor.importAwareProcessor]; root of factory hierarchy
2013-01-29 15:14:24,191 [DEBUG] org.springframework.beans.factory.support.DefaultListableBeanFactory  - Creating shared instance of singleton bean 'mvcContentNegotiationManager'
2013-01-29 15:14:24,191 [DEBUG] org.springframework.beans.factory.support.DefaultListableBeanFactory  - Creating instance of bean 'mvcContentNegotiationManager'
2013-01-29 15:14:24,191 [DEBUG] org.springframework.beans.factory.support.DefaultListableBeanFactory  - Eagerly caching bean 'mvcContentNegotiationManager' to allow for resolving potential circular references
2013-01-29 15:14:24,196 [DEBUG] org.springframework.beans.factory.support.DefaultListableBeanFactory  - Invoking afterPropertiesSet() on bean with name 'mvcContentNegotiationManager'
2013-01-29 15:14:24,197 [DEBUG] org.springframework.beans.factory.support.DefaultListableBeanFactory  - Finished creating instance of bean 'mvcContentNegotiationManager'
2013-01-29 15:14:24,198 [DEBUG] org.springframework.beans.factory.support.DefaultListableBeanFactory  - Creating shared instance of singleton bean 'org.springframework.web.servlet.mvc.method.annotation.RequestMappingHandlerMapping#0'
2013-01-29 15:14:24,198 [DEBUG] org.springframework.beans.factory.support.DefaultListableBeanFactory  - Creating instance of bean 'org.springframework.web.servlet.mvc.method.annotation.RequestMappingHandlerMapping#0'
2013-01-29 15:14:24,200 [DEBUG] org.springframework.beans.factory.support.DefaultListableBeanFactory  - Eagerly caching bean 'org.springframework.web.servlet.mvc.method.annotation.RequestMappingHandlerMapping#0' to allow for resolving potential circular references
2013-01-29 15:14:24,205 [DEBUG] org.springframework.beans.factory.support.DefaultListableBeanFactory  - Returning cached instance of singleton bean 'mvcContentNegotiationManager'
2013-01-29 15:14:24,206 [DEBUG] org.springframework.beans.factory.support.DefaultListableBeanFactory  - Creating shared instance of singleton bean 'org.springframework.web.servlet.handler.MappedInterceptor#0'
2013-01-29 15:14:24,206 [DEBUG] org.springframework.beans.factory.support.DefaultListableBeanFactory  - Creating instance of bean 'org.springframework.web.servlet.handler.MappedInterceptor#0'
2013-01-29 15:14:24,208 [DEBUG] org.springframework.beans.factory.support.DefaultListableBeanFactory  - Creating instance of bean '(inner bean)'
2013-01-29 15:14:24,209 [DEBUG] org.springframework.beans.factory.support.DefaultListableBeanFactory  - Creating shared instance of singleton bean 'org.springframework.format.support.FormattingConversionServiceFactoryBean#0'
2013-01-29 15:14:24,209 [DEBUG] org.springframework.beans.factory.support.DefaultListableBeanFactory  - Creating instance of bean 'org.springframework.format.support.FormattingConversionServiceFactoryBean#0'
2013-01-29 15:14:24,209 [DEBUG] org.springframework.beans.factory.support.DefaultListableBeanFactory  - Eagerly caching bean 'org.springframework.format.support.FormattingConversionServiceFactoryBean#0' to allow for resolving potential circular references
2013-01-29 15:14:24,211 [DEBUG] org.springframework.beans.factory.support.DefaultListableBeanFactory  - Invoking afterPropertiesSet() on bean with name 'org.springframework.format.support.FormattingConversionServiceFactoryBean#0'
2013-01-29 15:14:24,220 [DEBUG] org.springframework.beans.factory.support.DefaultListableBeanFactory  - Finished creating instance of bean 'org.springframework.format.support.FormattingConversionServiceFactoryBean#0'
2013-01-29 15:14:24,225 [DEBUG] org.springframework.beans.factory.support.DefaultListableBeanFactory  - Finished creating instance of bean '(inner bean)'
2013-01-29 15:14:24,226 [DEBUG] org.springframework.core.env.StandardEnvironment  - Initializing new StandardEnvironment
2013-01-29 15:14:24,226 [DEBUG] org.springframework.core.env.StandardEnvironment  - Adding [systemProperties] PropertySource with lowest search precedence
2013-01-29 15:14:24,226 [DEBUG] org.springframework.core.env.StandardEnvironment  - Adding [systemEnvironment] PropertySource with lowest search precedence
2013-01-29 15:14:24,226 [DEBUG] org.springframework.core.env.StandardEnvironment  - Initialized StandardEnvironment with PropertySources [systemProperties,systemEnvironment]
2013-01-29 15:14:24,227 [DEBUG] org.springframework.core.env.StandardEnvironment  - Initializing new StandardEnvironment
2013-01-29 15:14:24,227 [DEBUG] org.springframework.core.env.StandardEnvironment  - Adding [systemProperties] PropertySource with lowest search precedence
2013-01-29 15:14:24,227 [DEBUG] org.springframework.core.env.StandardEnvironment  - Adding [systemEnvironment] PropertySource with lowest search precedence
2013-01-29 15:14:24,227 [DEBUG] org.springframework.core.env.StandardEnvironment  - Initialized StandardEnvironment with PropertySources [systemProperties,systemEnvironment]
2013-01-29 15:14:24,227 [DEBUG] org.springframework.core.env.StandardEnvironment  - Initializing new StandardEnvironment
2013-01-29 15:14:24,227 [DEBUG] org.springframework.core.env.StandardEnvironment  - Adding [systemProperties] PropertySource with lowest search precedence
2013-01-29 15:14:24,227 [DEBUG] org.springframework.core.env.StandardEnvironment  - Adding [systemEnvironment] PropertySource with lowest search precedence
2013-01-29 15:14:24,227 [DEBUG] org.springframework.core.env.StandardEnvironment  - Initialized StandardEnvironment with PropertySources [systemProperties,systemEnvironment]
2013-01-29 15:14:24,228 [DEBUG] org.springframework.core.env.StandardEnvironment  - Initializing new StandardEnvironment
2013-01-29 15:14:24,228 [DEBUG] org.springframework.core.env.StandardEnvironment  - Adding [systemProperties] PropertySource with lowest search precedence
2013-01-29 15:14:24,229 [DEBUG] org.springframework.core.env.StandardEnvironment  - Adding [systemEnvironment] PropertySource with lowest search precedence
2013-01-29 15:14:24,229 [DEBUG] org.springframework.core.env.StandardEnvironment  - Initialized StandardEnvironment with PropertySources [systemProperties,systemEnvironment]
2013-01-29 15:14:24,229 [DEBUG] org.springframework.core.env.StandardEnvironment  - Initializing new StandardEnvironment
2013-01-29 15:14:24,229 [DEBUG] org.springframework.core.env.StandardEnvironment  - Adding [systemProperties] PropertySource with lowest search precedence
2013-01-29 15:14:24,229 [DEBUG] org.springframework.core.env.StandardEnvironment  - Adding [systemEnvironment] PropertySource with lowest search precedence
2013-01-29 15:14:24,229 [DEBUG] org.springframework.core.env.StandardEnvironment  - Initialized StandardEnvironment with PropertySources [systemProperties,systemEnvironment]
2013-01-29 15:14:24,234 [DEBUG] org.springframework.beans.BeanUtils  - No property editor [org.springframework.web.context.request.WebRequestInterceptorEditor] found for type org.springframework.web.context.request.WebRequestInterceptor according to 'Editor' suffix convention
2013-01-29 15:14:24,235 [DEBUG] org.springframework.beans.factory.support.DefaultListableBeanFactory  - Eagerly caching bean 'org.springframework.web.servlet.handler.MappedInterceptor#0' to allow for resolving potential circular references
2013-01-29 15:14:24,236 [DEBUG] org.springframework.beans.factory.support.DefaultListableBeanFactory  - Finished creating instance of bean 'org.springframework.web.servlet.handler.MappedInterceptor#0'
2013-01-29 15:14:24,236 [DEBUG] org.springframework.beans.factory.support.DefaultListableBeanFactory  - Invoking afterPropertiesSet() on bean with name 'org.springframework.web.servlet.mvc.method.annotation.RequestMappingHandlerMapping#0'
2013-01-29 15:14:24,236 [DEBUG] org.springframework.web.servlet.mvc.method.annotation.RequestMappingHandlerMapping  - Looking for request mappings in application context: WebApplicationContext for namespace 'spring-servlet': startup date [Tue Jan 29 15:14:23 BRST 2013]; root of context hierarchy
2013-01-29 15:14:24,247 [INFO ] org.springframework.web.servlet.mvc.method.annotation.RequestMappingHandlerMapping  - Mapped "{[/form],methods=[GET],params=[],headers=[],consumes=[],produces=[],custom=[]}" onto public java.lang.String net.henrylawson.firstspringmvc.controller.HelloWorldController.form(org.springframework.ui.Model)
2013-01-29 15:14:24,247 [INFO ] org.springframework.web.servlet.mvc.method.annotation.RequestMappingHandlerMapping  - Mapped "{[/],methods=[],params=[],headers=[],consumes=[],produces=[],custom=[]}" onto public java.lang.String net.henrylawson.firstspringmvc.controller.HelloWorldController.index(org.springframework.ui.Model)
2013-01-29 15:14:24,247 [INFO ] org.springframework.web.servlet.mvc.method.annotation.RequestMappingHandlerMapping  - Mapped "{[/form],methods=[POST],params=[],headers=[],consumes=[],produces=[],custom=[]}" onto public java.lang.String net.henrylawson.firstspringmvc.controller.HelloWorldController.saveForm(net.henrylawson.firstspringmvc.model.Form,org.springframework.validation.BindingResult,org.springframework.ui.Model)
2013-01-29 15:14:24,248 [DEBUG] org.springframework.beans.factory.support.DefaultListableBeanFactory  - Finished creating instance of bean 'org.springframework.web.servlet.mvc.method.annotation.RequestMappingHandlerMapping#0'
2013-01-29 15:14:24,248 [DEBUG] org.springframework.beans.factory.support.DefaultListableBeanFactory  - Returning cached instance of singleton bean 'org.springframework.format.support.FormattingConversionServiceFactoryBean#0'
2013-01-29 15:14:24,248 [DEBUG] org.springframework.beans.factory.support.DefaultListableBeanFactory  - Creating shared instance of singleton bean 'org.springframework.validation.beanvalidation.LocalValidatorFactoryBean#0'
2013-01-29 15:14:24,248 [DEBUG] org.springframework.beans.factory.support.DefaultListableBeanFactory  - Creating instance of bean 'org.springframework.validation.beanvalidation.LocalValidatorFactoryBean#0'
2013-01-29 15:14:24,249 [DEBUG] org.springframework.beans.factory.support.DefaultListableBeanFactory  - Eagerly caching bean 'org.springframework.validation.beanvalidation.LocalValidatorFactoryBean#0' to allow for resolving potential circular references
2013-01-29 15:14:24,251 [DEBUG] org.springframework.beans.factory.support.DefaultListableBeanFactory  - Invoking afterPropertiesSet() on bean with name 'org.springframework.validation.beanvalidation.LocalValidatorFactoryBean#0'
2013-01-29 15:14:24,252 [DEBUG] org.hibernate.validator.internal.engine.resolver.DefaultTraversableResolver  - Cannot find javax.persistence.Persistence on classpath. Assuming non JPA 2 environment. All properties will per default be traversable.
2013-01-29 15:14:24,252 [DEBUG] org.hibernate.validator.internal.engine.ConfigurationImpl  - Setting custom MessageInterpolator of type org.springframework.validation.beanvalidation.LocaleContextMessageInterpolator
2013-01-29 15:14:24,252 [DEBUG] org.hibernate.validator.internal.engine.ConfigurationImpl  - Setting custom ConstraintValidatorFactory of type org.springframework.validation.beanvalidation.SpringConstraintValidatorFactory
2013-01-29 15:14:24,252 [DEBUG] org.hibernate.validator.internal.xml.ValidationXmlParser  - Trying to load META-INF/validation.xml for XML based Validator configuration.
2013-01-29 15:14:24,253 [DEBUG] org.hibernate.validator.internal.xml.ValidationXmlParser  - No META-INF/validation.xml found. Using annotation based configuration only.
2013-01-29 15:14:24,259 [DEBUG] org.springframework.beans.factory.support.DefaultListableBeanFactory  - Finished creating instance of bean 'org.springframework.validation.beanvalidation.LocalValidatorFactoryBean#0'
2013-01-29 15:14:24,259 [DEBUG] org.springframework.beans.factory.support.DefaultListableBeanFactory  - Creating shared instance of singleton bean 'org.springframework.web.servlet.mvc.method.annotation.RequestMappingHandlerAdapter#0'
2013-01-29 15:14:24,259 [DEBUG] org.springframework.beans.factory.support.DefaultListableBeanFactory  - Creating instance of bean 'org.springframework.web.servlet.mvc.method.annotation.RequestMappingHandlerAdapter#0'
2013-01-29 15:14:24,386 [DEBUG] org.springframework.beans.factory.support.DefaultListableBeanFactory  - Eagerly caching bean 'org.springframework.web.servlet.mvc.method.annotation.RequestMappingHandlerAdapter#0' to allow for resolving potential circular references
2013-01-29 15:14:24,391 [DEBUG] org.springframework.beans.factory.support.DefaultListableBeanFactory  - Returning cached instance of singleton bean 'mvcContentNegotiationManager'
2013-01-29 15:14:24,391 [DEBUG] org.springframework.beans.factory.support.DefaultListableBeanFactory  - Creating instance of bean '(inner bean)#1'
2013-01-29 15:14:24,394 [DEBUG] org.springframework.beans.factory.support.DefaultListableBeanFactory  - Returning cached instance of singleton bean 'org.springframework.format.support.FormattingConversionServiceFactoryBean#0'
2013-01-29 15:14:24,394 [DEBUG] org.springframework.beans.factory.support.DefaultListableBeanFactory  - Returning cached instance of singleton bean 'org.springframework.validation.beanvalidation.LocalValidatorFactoryBean#0'
2013-01-29 15:14:24,394 [DEBUG] org.springframework.beans.factory.support.DefaultListableBeanFactory  - Finished creating instance of bean '(inner bean)#1'
2013-01-29 15:14:24,395 [DEBUG] org.springframework.beans.factory.support.DefaultListableBeanFactory  - Creating instance of bean '(inner bean)#2'
2013-01-29 15:14:24,397 [DEBUG] org.springframework.beans.factory.support.DefaultListableBeanFactory  - Finished creating instance of bean '(inner bean)#2'
2013-01-29 15:14:24,397 [DEBUG] org.springframework.beans.factory.support.DefaultListableBeanFactory  - Creating instance of bean '(inner bean)#3'
2013-01-29 15:14:24,402 [DEBUG] org.springframework.beans.factory.support.DefaultListableBeanFactory  - Finished creating instance of bean '(inner bean)#3'
2013-01-29 15:14:24,402 [DEBUG] org.springframework.beans.factory.support.DefaultListableBeanFactory  - Creating instance of bean '(inner bean)#4'
2013-01-29 15:14:24,404 [DEBUG] org.springframework.beans.factory.support.DefaultListableBeanFactory  - Finished creating instance of bean '(inner bean)#4'
2013-01-29 15:14:24,404 [DEBUG] org.springframework.beans.factory.support.DefaultListableBeanFactory  - Creating instance of bean '(inner bean)#5'
2013-01-29 15:14:24,408 [DEBUG] org.springframework.beans.factory.support.DefaultListableBeanFactory  - Finished creating instance of bean '(inner bean)#5'
2013-01-29 15:14:24,408 [DEBUG] org.springframework.beans.factory.support.DefaultListableBeanFactory  - Creating instance of bean '(inner bean)#6'
2013-01-29 15:14:24,414 [DEBUG] org.springframework.beans.factory.support.DefaultListableBeanFactory  - Finished creating instance of bean '(inner bean)#6'
2013-01-29 15:14:24,414 [DEBUG] org.springframework.beans.factory.support.DefaultListableBeanFactory  - Creating instance of bean '(inner bean)#7'
2013-01-29 15:14:24,418 [DEBUG] org.springframework.beans.factory.support.DefaultListableBeanFactory  - Finished creating instance of bean '(inner bean)#7'
2013-01-29 15:14:24,418 [DEBUG] org.springframework.beans.factory.support.DefaultListableBeanFactory  - Creating instance of bean '(inner bean)#8'
2013-01-29 15:14:24,421 [DEBUG] org.springframework.beans.factory.support.DefaultListableBeanFactory  - Finished creating instance of bean '(inner bean)#8'
2013-01-29 15:14:24,421 [DEBUG] org.springframework.beans.factory.support.DefaultListableBeanFactory  - Creating instance of bean '(inner bean)#9'
2013-01-29 15:14:24,425 [DEBUG] org.springframework.beans.factory.support.DefaultListableBeanFactory  - Finished creating instance of bean '(inner bean)#9'
2013-01-29 15:14:24,425 [DEBUG] org.springframework.beans.factory.support.DefaultListableBeanFactory  - Creating instance of bean '(inner bean)#10'
2013-01-29 15:14:24,428 [DEBUG] org.springframework.beans.factory.support.DefaultListableBeanFactory  - Finished creating instance of bean '(inner bean)#10'
2013-01-29 15:14:24,428 [DEBUG] org.springframework.beans.factory.support.DefaultListableBeanFactory  - Invoking afterPropertiesSet() on bean with name 'org.springframework.web.servlet.mvc.method.annotation.RequestMappingHandlerAdapter#0'
2013-01-29 15:14:24,448 [DEBUG] org.springframework.web.servlet.mvc.method.annotation.RequestMappingHandlerAdapter  - Looking for controller advice: WebApplicationContext for namespace 'spring-servlet': startup date [Tue Jan 29 15:14:23 BRST 2013]; root of context hierarchy
2013-01-29 15:14:24,449 [DEBUG] org.springframework.beans.factory.support.DefaultListableBeanFactory  - Finished creating instance of bean 'org.springframework.web.servlet.mvc.method.annotation.RequestMappingHandlerAdapter#0'
2013-01-29 15:14:24,450 [DEBUG] org.springframework.beans.factory.support.DefaultListableBeanFactory  - Returning cached instance of singleton bean 'org.springframework.web.servlet.handler.MappedInterceptor#0'
2013-01-29 15:14:24,450 [DEBUG] org.springframework.beans.factory.support.DefaultListableBeanFactory  - Creating shared instance of singleton bean 'org.springframework.web.servlet.mvc.method.annotation.ExceptionHandlerExceptionResolver#0'
2013-01-29 15:14:24,450 [DEBUG] org.springframework.beans.factory.support.DefaultListableBeanFactory  - Creating instance of bean 'org.springframework.web.servlet.mvc.method.annotation.ExceptionHandlerExceptionResolver#0'
2013-01-29 15:14:24,455 [DEBUG] org.springframework.beans.factory.support.DefaultListableBeanFactory  - Eagerly caching bean 'org.springframework.web.servlet.mvc.method.annotation.ExceptionHandlerExceptionResolver#0' to allow for resolving potential circular references
2013-01-29 15:14:24,458 [DEBUG] org.springframework.beans.factory.support.DefaultListableBeanFactory  - Returning cached instance of singleton bean 'mvcContentNegotiationManager'
2013-01-29 15:14:24,458 [DEBUG] org.springframework.beans.factory.support.DefaultListableBeanFactory  - Creating instance of bean '(inner bean)#11'
2013-01-29 15:14:24,458 [DEBUG] org.springframework.beans.factory.support.DefaultListableBeanFactory  - Finished creating instance of bean '(inner bean)#11'
2013-01-29 15:14:24,458 [DEBUG] org.springframework.beans.factory.support.DefaultListableBeanFactory  - Creating instance of bean '(inner bean)#12'
2013-01-29 15:14:24,460 [DEBUG] org.springframework.beans.factory.support.DefaultListableBeanFactory  - Finished creating instance of bean '(inner bean)#12'
2013-01-29 15:14:24,460 [DEBUG] org.springframework.beans.factory.support.DefaultListableBeanFactory  - Creating instance of bean '(inner bean)#13'
2013-01-29 15:14:24,461 [DEBUG] org.springframework.beans.factory.support.DefaultListableBeanFactory  - Finished creating instance of bean '(inner bean)#13'
2013-01-29 15:14:24,461 [DEBUG] org.springframework.beans.factory.support.DefaultListableBeanFactory  - Creating instance of bean '(inner bean)#14'
2013-01-29 15:14:24,461 [DEBUG] org.springframework.beans.factory.support.DefaultListableBeanFactory  - Finished creating instance of bean '(inner bean)#14'
2013-01-29 15:14:24,461 [DEBUG] org.springframework.beans.factory.support.DefaultListableBeanFactory  - Creating instance of bean '(inner bean)#15'
2013-01-29 15:14:24,464 [DEBUG] org.springframework.beans.factory.support.DefaultListableBeanFactory  - Finished creating instance of bean '(inner bean)#15'
2013-01-29 15:14:24,464 [DEBUG] org.springframework.beans.factory.support.DefaultListableBeanFactory  - Creating instance of bean '(inner bean)#16'
2013-01-29 15:14:24,464 [DEBUG] org.springframework.beans.factory.support.DefaultListableBeanFactory  - Finished creating instance of bean '(inner bean)#16'
2013-01-29 15:14:24,464 [DEBUG] org.springframework.beans.factory.support.DefaultListableBeanFactory  - Creating instance of bean '(inner bean)#17'
2013-01-29 15:14:24,464 [DEBUG] org.springframework.beans.factory.support.DefaultListableBeanFactory  - Finished creating instance of bean '(inner bean)#17'
2013-01-29 15:14:24,464 [DEBUG] org.springframework.beans.factory.support.DefaultListableBeanFactory  - Creating instance of bean '(inner bean)#18'
2013-01-29 15:14:24,465 [DEBUG] org.springframework.beans.factory.support.DefaultListableBeanFactory  - Finished creating instance of bean '(inner bean)#18'
2013-01-29 15:14:24,465 [DEBUG] org.springframework.beans.factory.support.DefaultListableBeanFactory  - Creating instance of bean '(inner bean)#19'
2013-01-29 15:14:24,465 [DEBUG] org.springframework.beans.factory.support.DefaultListableBeanFactory  - Finished creating instance of bean '(inner bean)#19'
2013-01-29 15:14:24,466 [DEBUG] org.springframework.beans.factory.support.DefaultListableBeanFactory  - Invoking afterPropertiesSet() on bean with name 'org.springframework.web.servlet.mvc.method.annotation.ExceptionHandlerExceptionResolver#0'
2013-01-29 15:14:24,466 [DEBUG] org.springframework.web.servlet.mvc.method.annotation.ExceptionHandlerExceptionResolver  - Looking for exception mappings: WebApplicationContext for namespace 'spring-servlet': startup date [Tue Jan 29 15:14:23 BRST 2013]; root of context hierarchy
2013-01-29 15:14:24,466 [DEBUG] org.springframework.beans.factory.support.DefaultListableBeanFactory  - Finished creating instance of bean 'org.springframework.web.servlet.mvc.method.annotation.ExceptionHandlerExceptionResolver#0'
2013-01-29 15:14:24,467 [DEBUG] org.springframework.beans.factory.support.DefaultListableBeanFactory  - Creating shared instance of singleton bean 'org.springframework.web.servlet.mvc.annotation.ResponseStatusExceptionResolver#0'
2013-01-29 15:14:24,467 [DEBUG] org.springframework.beans.factory.support.DefaultListableBeanFactory  - Creating instance of bean 'org.springframework.web.servlet.mvc.annotation.ResponseStatusExceptionResolver#0'
2013-01-29 15:14:24,467 [DEBUG] org.springframework.beans.factory.support.DefaultListableBeanFactory  - Eagerly caching bean 'org.springframework.web.servlet.mvc.annotation.ResponseStatusExceptionResolver#0' to allow for resolving potential circular references
2013-01-29 15:14:24,469 [DEBUG] org.springframework.beans.factory.support.DefaultListableBeanFactory  - Finished creating instance of bean 'org.springframework.web.servlet.mvc.annotation.ResponseStatusExceptionResolver#0'
2013-01-29 15:14:24,469 [DEBUG] org.springframework.beans.factory.support.DefaultListableBeanFactory  - Creating shared instance of singleton bean 'org.springframework.web.servlet.mvc.support.DefaultHandlerExceptionResolver#0'
2013-01-29 15:14:24,469 [DEBUG] org.springframework.beans.factory.support.DefaultListableBeanFactory  - Creating instance of bean 'org.springframework.web.servlet.mvc.support.DefaultHandlerExceptionResolver#0'
2013-01-29 15:14:24,469 [DEBUG] org.springframework.beans.factory.support.DefaultListableBeanFactory  - Eagerly caching bean 'org.springframework.web.servlet.mvc.support.DefaultHandlerExceptionResolver#0' to allow for resolving potential circular references
2013-01-29 15:14:24,471 [DEBUG] org.springframework.beans.factory.support.DefaultListableBeanFactory  - Finished creating instance of bean 'org.springframework.web.servlet.mvc.support.DefaultHandlerExceptionResolver#0'
2013-01-29 15:14:24,471 [DEBUG] org.springframework.beans.factory.support.DefaultListableBeanFactory  - Creating shared instance of singleton bean 'org.springframework.web.servlet.handler.BeanNameUrlHandlerMapping'
2013-01-29 15:14:24,471 [DEBUG] org.springframework.beans.factory.support.DefaultListableBeanFactory  - Creating instance of bean 'org.springframework.web.servlet.handler.BeanNameUrlHandlerMapping'
2013-01-29 15:14:24,472 [DEBUG] org.springframework.beans.factory.support.DefaultListableBeanFactory  - Eagerly caching bean 'org.springframework.web.servlet.handler.BeanNameUrlHandlerMapping' to allow for resolving potential circular references
2013-01-29 15:14:24,477 [DEBUG] org.springframework.beans.factory.support.DefaultListableBeanFactory  - Returning cached instance of singleton bean 'org.springframework.web.servlet.handler.MappedInterceptor#0'
2013-01-29 15:14:24,477 [DEBUG] org.springframework.web.servlet.handler.BeanNameUrlHandlerMapping  - Looking for URL mappings in application context: WebApplicationContext for namespace 'spring-servlet': startup date [Tue Jan 29 15:14:23 BRST 2013]; root of context hierarchy
2013-01-29 15:14:24,477 [DEBUG] org.springframework.web.servlet.handler.BeanNameUrlHandlerMapping  - Rejected bean name 'mvcContentNegotiationManager': no URL paths identified
2013-01-29 15:14:24,477 [DEBUG] org.springframework.web.servlet.handler.BeanNameUrlHandlerMapping  - Rejected bean name 'org.springframework.web.servlet.mvc.method.annotation.RequestMappingHandlerMapping#0': no URL paths identified
2013-01-29 15:14:24,477 [DEBUG] org.springframework.web.servlet.handler.BeanNameUrlHandlerMapping  - Rejected bean name 'org.springframework.format.support.FormattingConversionServiceFactoryBean#0': no URL paths identified
2013-01-29 15:14:24,477 [DEBUG] org.springframework.web.servlet.handler.BeanNameUrlHandlerMapping  - Rejected bean name 'org.springframework.validation.beanvalidation.LocalValidatorFactoryBean#0': no URL paths identified
2013-01-29 15:14:24,477 [DEBUG] org.springframework.web.servlet.handler.BeanNameUrlHandlerMapping  - Rejected bean name 'org.springframework.web.servlet.mvc.method.annotation.RequestMappingHandlerAdapter#0': no URL paths identified
2013-01-29 15:14:24,477 [DEBUG] org.springframework.web.servlet.handler.BeanNameUrlHandlerMapping  - Rejected bean name 'org.springframework.web.servlet.handler.MappedInterceptor#0': no URL paths identified
2013-01-29 15:14:24,477 [DEBUG] org.springframework.web.servlet.handler.BeanNameUrlHandlerMapping  - Rejected bean name 'org.springframework.web.servlet.mvc.method.annotation.ExceptionHandlerExceptionResolver#0': no URL paths identified
2013-01-29 15:14:24,477 [DEBUG] org.springframework.web.servlet.handler.BeanNameUrlHandlerMapping  - Rejected bean name 'org.springframework.web.servlet.mvc.annotation.ResponseStatusExceptionResolver#0': no URL paths identified
2013-01-29 15:14:24,477 [DEBUG] org.springframework.web.servlet.handler.BeanNameUrlHandlerMapping  - Rejected bean name 'org.springframework.web.servlet.mvc.support.DefaultHandlerExceptionResolver#0': no URL paths identified
2013-01-29 15:14:24,477 [DEBUG] org.springframework.web.servlet.handler.BeanNameUrlHandlerMapping  - Rejected bean name 'org.springframework.web.servlet.handler.BeanNameUrlHandlerMapping': no URL paths identified
2013-01-29 15:14:24,477 [DEBUG] org.springframework.web.servlet.handler.BeanNameUrlHandlerMapping  - Rejected bean name 'org.springframework.web.servlet.mvc.HttpRequestHandlerAdapter': no URL paths identified
2013-01-29 15:14:24,477 [DEBUG] org.springframework.web.servlet.handler.BeanNameUrlHandlerMapping  - Rejected bean name 'org.springframework.web.servlet.mvc.SimpleControllerHandlerAdapter': no URL paths identified
2013-01-29 15:14:24,477 [DEBUG] org.springframework.web.servlet.handler.BeanNameUrlHandlerMapping  - Rejected bean name 'helloWorldController': no URL paths identified
2013-01-29 15:14:24,477 [DEBUG] org.springframework.web.servlet.handler.BeanNameUrlHandlerMapping  - Rejected bean name 'org.springframework.context.annotation.internalConfigurationAnnotationProcessor': no URL paths identified
2013-01-29 15:14:24,477 [DEBUG] org.springframework.web.servlet.handler.BeanNameUrlHandlerMapping  - Rejected bean name 'org.springframework.context.annotation.internalAutowiredAnnotationProcessor': no URL paths identified
2013-01-29 15:14:24,477 [DEBUG] org.springframework.web.servlet.handler.BeanNameUrlHandlerMapping  - Rejected bean name 'org.springframework.context.annotation.internalRequiredAnnotationProcessor': no URL paths identified
2013-01-29 15:14:24,477 [DEBUG] org.springframework.web.servlet.handler.BeanNameUrlHandlerMapping  - Rejected bean name 'org.springframework.context.annotation.internalCommonAnnotationProcessor': no URL paths identified
2013-01-29 15:14:24,477 [DEBUG] org.springframework.web.servlet.handler.BeanNameUrlHandlerMapping  - Rejected bean name 'org.springframework.web.servlet.view.InternalResourceViewResolver#0': no URL paths identified
2013-01-29 15:14:24,477 [DEBUG] org.springframework.web.servlet.handler.BeanNameUrlHandlerMapping  - Rejected bean name 'messageSource': no URL paths identified
2013-01-29 15:14:24,477 [DEBUG] org.springframework.web.servlet.handler.BeanNameUrlHandlerMapping  - Rejected bean name 'org.springframework.context.annotation.ConfigurationClassPostProcessor.importAwareProcessor': no URL paths identified
2013-01-29 15:14:24,477 [DEBUG] org.springframework.web.servlet.handler.BeanNameUrlHandlerMapping  - Rejected bean name 'environment': no URL paths identified
2013-01-29 15:14:24,477 [DEBUG] org.springframework.web.servlet.handler.BeanNameUrlHandlerMapping  - Rejected bean name 'systemProperties': no URL paths identified
2013-01-29 15:14:24,477 [DEBUG] org.springframework.web.servlet.handler.BeanNameUrlHandlerMapping  - Rejected bean name 'systemEnvironment': no URL paths identified
2013-01-29 15:14:24,477 [DEBUG] org.springframework.web.servlet.handler.BeanNameUrlHandlerMapping  - Rejected bean name 'servletContext': no URL paths identified
2013-01-29 15:14:24,477 [DEBUG] org.springframework.web.servlet.handler.BeanNameUrlHandlerMapping  - Rejected bean name 'servletConfig': no URL paths identified
2013-01-29 15:14:24,478 [DEBUG] org.springframework.web.servlet.handler.BeanNameUrlHandlerMapping  - Rejected bean name 'contextParameters': no URL paths identified
2013-01-29 15:14:24,478 [DEBUG] org.springframework.web.servlet.handler.BeanNameUrlHandlerMapping  - Rejected bean name 'contextAttributes': no URL paths identified
2013-01-29 15:14:24,478 [DEBUG] org.springframework.web.servlet.handler.BeanNameUrlHandlerMapping  - Rejected bean name 'org.springframework.context.annotation.ConfigurationClassPostProcessor.importRegistry': no URL paths identified
2013-01-29 15:14:24,478 [DEBUG] org.springframework.web.servlet.handler.BeanNameUrlHandlerMapping  - Rejected bean name 'applicationEventMulticaster': no URL paths identified
2013-01-29 15:14:24,478 [DEBUG] org.springframework.beans.factory.support.DefaultListableBeanFactory  - Finished creating instance of bean 'org.springframework.web.servlet.handler.BeanNameUrlHandlerMapping'
2013-01-29 15:14:24,478 [DEBUG] org.springframework.beans.factory.support.DefaultListableBeanFactory  - Creating shared instance of singleton bean 'org.springframework.web.servlet.mvc.HttpRequestHandlerAdapter'
2013-01-29 15:14:24,478 [DEBUG] org.springframework.beans.factory.support.DefaultListableBeanFactory  - Creating instance of bean 'org.springframework.web.servlet.mvc.HttpRequestHandlerAdapter'
2013-01-29 15:14:24,478 [DEBUG] org.springframework.beans.factory.support.DefaultListableBeanFactory  - Eagerly caching bean 'org.springframework.web.servlet.mvc.HttpRequestHandlerAdapter' to allow for resolving potential circular references
2013-01-29 15:14:24,483 [DEBUG] org.springframework.beans.factory.support.DefaultListableBeanFactory  - Finished creating instance of bean 'org.springframework.web.servlet.mvc.HttpRequestHandlerAdapter'
2013-01-29 15:14:24,483 [DEBUG] org.springframework.beans.factory.support.DefaultListableBeanFactory  - Creating shared instance of singleton bean 'org.springframework.web.servlet.mvc.SimpleControllerHandlerAdapter'
2013-01-29 15:14:24,483 [DEBUG] org.springframework.beans.factory.support.DefaultListableBeanFactory  - Creating instance of bean 'org.springframework.web.servlet.mvc.SimpleControllerHandlerAdapter'
2013-01-29 15:14:24,483 [DEBUG] org.springframework.beans.factory.support.DefaultListableBeanFactory  - Eagerly caching bean 'org.springframework.web.servlet.mvc.SimpleControllerHandlerAdapter' to allow for resolving potential circular references
2013-01-29 15:14:24,484 [DEBUG] org.springframework.beans.factory.support.DefaultListableBeanFactory  - Finished creating instance of bean 'org.springframework.web.servlet.mvc.SimpleControllerHandlerAdapter'
2013-01-29 15:14:24,484 [DEBUG] org.springframework.beans.factory.support.DefaultListableBeanFactory  - Creating shared instance of singleton bean 'helloWorldController'
2013-01-29 15:14:24,484 [DEBUG] org.springframework.beans.factory.support.DefaultListableBeanFactory  - Creating instance of bean 'helloWorldController'
2013-01-29 15:14:24,485 [DEBUG] org.springframework.beans.factory.support.DefaultListableBeanFactory  - Eagerly caching bean 'helloWorldController' to allow for resolving potential circular references
2013-01-29 15:14:24,486 [DEBUG] org.springframework.beans.factory.support.DefaultListableBeanFactory  - Finished creating instance of bean 'helloWorldController'
2013-01-29 15:14:24,486 [DEBUG] org.springframework.beans.factory.support.DefaultListableBeanFactory  - Returning cached instance of singleton bean 'org.springframework.context.annotation.internalConfigurationAnnotationProcessor'
2013-01-29 15:14:24,486 [DEBUG] org.springframework.beans.factory.support.DefaultListableBeanFactory  - Returning cached instance of singleton bean 'org.springframework.context.annotation.internalAutowiredAnnotationProcessor'
2013-01-29 15:14:24,486 [DEBUG] org.springframework.beans.factory.support.DefaultListableBeanFactory  - Returning cached instance of singleton bean 'org.springframework.context.annotation.internalRequiredAnnotationProcessor'
2013-01-29 15:14:24,486 [DEBUG] org.springframework.beans.factory.support.DefaultListableBeanFactory  - Returning cached instance of singleton bean 'org.springframework.context.annotation.internalCommonAnnotationProcessor'
2013-01-29 15:14:24,486 [DEBUG] org.springframework.beans.factory.support.DefaultListableBeanFactory  - Creating shared instance of singleton bean 'org.springframework.web.servlet.view.InternalResourceViewResolver#0'
2013-01-29 15:14:24,486 [DEBUG] org.springframework.beans.factory.support.DefaultListableBeanFactory  - Creating instance of bean 'org.springframework.web.servlet.view.InternalResourceViewResolver#0'
2013-01-29 15:14:24,490 [DEBUG] org.springframework.beans.factory.support.DefaultListableBeanFactory  - Eagerly caching bean 'org.springframework.web.servlet.view.InternalResourceViewResolver#0' to allow for resolving potential circular references
2013-01-29 15:14:24,495 [DEBUG] org.springframework.beans.factory.support.DefaultListableBeanFactory  - Finished creating instance of bean 'org.springframework.web.servlet.view.InternalResourceViewResolver#0'
2013-01-29 15:14:24,495 [DEBUG] org.springframework.beans.factory.support.DefaultListableBeanFactory  - Returning cached instance of singleton bean 'messageSource'
2013-01-29 15:14:24,495 [DEBUG] org.springframework.beans.factory.support.DefaultListableBeanFactory  - Returning cached instance of singleton bean 'org.springframework.context.annotation.ConfigurationClassPostProcessor.importAwareProcessor'
2013-01-29 15:14:24,496 [DEBUG] org.springframework.web.context.support.XmlWebApplicationContext  - Unable to locate LifecycleProcessor with name 'lifecycleProcessor': using default [org.springframework.context.support.DefaultLifecycleProcessor@1afa578a]
2013-01-29 15:14:24,496 [DEBUG] org.springframework.beans.factory.support.DefaultListableBeanFactory  - Returning cached instance of singleton bean 'lifecycleProcessor'
2013-01-29 15:14:24,497 [DEBUG] org.springframework.web.servlet.DispatcherServlet  - Unable to locate MultipartResolver with name 'multipartResolver': no multipart request handling provided
2013-01-29 15:14:24,497 [DEBUG] org.springframework.beans.factory.support.DefaultListableBeanFactory  - Creating instance of bean 'org.springframework.web.servlet.i18n.AcceptHeaderLocaleResolver'
2013-01-29 15:14:24,498 [DEBUG] org.springframework.beans.factory.support.DefaultListableBeanFactory  - Finished creating instance of bean 'org.springframework.web.servlet.i18n.AcceptHeaderLocaleResolver'
2013-01-29 15:14:24,498 [DEBUG] org.springframework.web.servlet.DispatcherServlet  - Unable to locate LocaleResolver with name 'localeResolver': using default [org.springframework.web.servlet.i18n.AcceptHeaderLocaleResolver@1f7d9318]
2013-01-29 15:14:24,499 [DEBUG] org.springframework.beans.factory.support.DefaultListableBeanFactory  - Creating instance of bean 'org.springframework.web.servlet.theme.FixedThemeResolver'
2013-01-29 15:14:24,501 [DEBUG] org.springframework.beans.factory.support.DefaultListableBeanFactory  - Finished creating instance of bean 'org.springframework.web.servlet.theme.FixedThemeResolver'
2013-01-29 15:14:24,501 [DEBUG] org.springframework.web.servlet.DispatcherServlet  - Unable to locate ThemeResolver with name 'themeResolver': using default [org.springframework.web.servlet.theme.FixedThemeResolver@5a49cb8c]
2013-01-29 15:14:24,501 [DEBUG] org.springframework.beans.factory.support.DefaultListableBeanFactory  - Returning cached instance of singleton bean 'org.springframework.web.servlet.mvc.method.annotation.RequestMappingHandlerMapping#0'
2013-01-29 15:14:24,501 [DEBUG] org.springframework.beans.factory.support.DefaultListableBeanFactory  - Returning cached instance of singleton bean 'org.springframework.web.servlet.handler.BeanNameUrlHandlerMapping'
2013-01-29 15:14:24,501 [DEBUG] org.springframework.beans.factory.support.DefaultListableBeanFactory  - Returning cached instance of singleton bean 'org.springframework.web.servlet.mvc.method.annotation.RequestMappingHandlerAdapter#0'
2013-01-29 15:14:24,501 [DEBUG] org.springframework.beans.factory.support.DefaultListableBeanFactory  - Returning cached instance of singleton bean 'org.springframework.web.servlet.mvc.HttpRequestHandlerAdapter'
2013-01-29 15:14:24,501 [DEBUG] org.springframework.beans.factory.support.DefaultListableBeanFactory  - Returning cached instance of singleton bean 'org.springframework.web.servlet.mvc.SimpleControllerHandlerAdapter'
2013-01-29 15:14:24,501 [DEBUG] org.springframework.beans.factory.support.DefaultListableBeanFactory  - Returning cached instance of singleton bean 'org.springframework.web.servlet.mvc.method.annotation.ExceptionHandlerExceptionResolver#0'
2013-01-29 15:14:24,501 [DEBUG] org.springframework.beans.factory.support.DefaultListableBeanFactory  - Returning cached instance of singleton bean 'org.springframework.web.servlet.mvc.annotation.ResponseStatusExceptionResolver#0'
2013-01-29 15:14:24,502 [DEBUG] org.springframework.beans.factory.support.DefaultListableBeanFactory  - Returning cached instance of singleton bean 'org.springframework.web.servlet.mvc.support.DefaultHandlerExceptionResolver#0'
2013-01-29 15:14:24,502 [DEBUG] org.springframework.beans.factory.support.DefaultListableBeanFactory  - Creating instance of bean 'org.springframework.web.servlet.view.DefaultRequestToViewNameTranslator'
2013-01-29 15:14:24,503 [DEBUG] org.springframework.beans.factory.support.DefaultListableBeanFactory  - Finished creating instance of bean 'org.springframework.web.servlet.view.DefaultRequestToViewNameTranslator'
2013-01-29 15:14:24,503 [DEBUG] org.springframework.web.servlet.DispatcherServlet  - Unable to locate RequestToViewNameTranslator with name 'viewNameTranslator': using default [org.springframework.web.servlet.view.DefaultRequestToViewNameTranslator@110b1a22]
2013-01-29 15:14:24,504 [DEBUG] org.springframework.beans.factory.support.DefaultListableBeanFactory  - Returning cached instance of singleton bean 'org.springframework.web.servlet.view.InternalResourceViewResolver#0'
2013-01-29 15:14:24,504 [DEBUG] org.springframework.beans.factory.support.DefaultListableBeanFactory  - Creating instance of bean 'org.springframework.web.servlet.support.SessionFlashMapManager'
2013-01-29 15:14:24,507 [DEBUG] org.springframework.beans.factory.support.DefaultListableBeanFactory  - Finished creating instance of bean 'org.springframework.web.servlet.support.SessionFlashMapManager'
2013-01-29 15:14:24,507 [DEBUG] org.springframework.web.servlet.DispatcherServlet  - Unable to locate FlashMapManager with name 'flashMapManager': using default [org.springframework.web.servlet.support.SessionFlashMapManager@28e817d5]
2013-01-29 15:14:24,508 [DEBUG] org.springframework.core.env.PropertySourcesPropertyResolver  - Searching for key 'spring.liveBeansView.mbeanDomain' in [servletConfigInitParams]
2013-01-29 15:14:24,508 [DEBUG] org.springframework.core.env.PropertySourcesPropertyResolver  - Searching for key 'spring.liveBeansView.mbeanDomain' in [servletContextInitParams]
2013-01-29 15:14:24,508 [DEBUG] org.springframework.core.env.PropertySourcesPropertyResolver  - Searching for key 'spring.liveBeansView.mbeanDomain' in [jndiProperties]
2013-01-29 15:14:24,508 [DEBUG] org.springframework.jndi.JndiTemplate  - Looking up JNDI object with name [java:comp/env/spring.liveBeansView.mbeanDomain]
2013-01-29 15:14:24,508 [DEBUG] org.springframework.jndi.JndiLocatorDelegate  - Converted JNDI name [java:comp/env/spring.liveBeansView.mbeanDomain] not found - trying original name [spring.liveBeansView.mbeanDomain]. javax.naming.NameNotFoundException: Name [spring.liveBeansView.mbeanDomain] is not bound in this Context. Unable to find [spring.liveBeansView.mbeanDomain].
2013-01-29 15:14:24,508 [DEBUG] org.springframework.jndi.JndiTemplate  - Looking up JNDI object with name [spring.liveBeansView.mbeanDomain]
2013-01-29 15:14:24,509 [DEBUG] org.springframework.jndi.JndiPropertySource  - JNDI lookup for name [spring.liveBeansView.mbeanDomain] threw NamingException with message: Name [spring.liveBeansView.mbeanDomain] is not bound in this Context. Unable to find [spring.liveBeansView.mbeanDomain].. Returning null.
2013-01-29 15:14:24,509 [DEBUG] org.springframework.core.env.PropertySourcesPropertyResolver  - Searching for key 'spring.liveBeansView.mbeanDomain' in [systemProperties]
2013-01-29 15:14:24,509 [DEBUG] org.springframework.core.env.PropertySourcesPropertyResolver  - Searching for key 'spring.liveBeansView.mbeanDomain' in [systemEnvironment]
2013-01-29 15:14:24,509 [DEBUG] org.springframework.core.env.PropertySourcesPropertyResolver  - Could not find key 'spring.liveBeansView.mbeanDomain' in any property source. Returning [null]
2013-01-29 15:14:24,509 [DEBUG] org.springframework.web.servlet.DispatcherServlet  - Published WebApplicationContext of servlet 'spring' as ServletContext attribute with name [org.springframework.web.servlet.FrameworkServlet.CONTEXT.spring]
2013-01-29 15:14:24,509 [INFO ] org.springframework.web.servlet.DispatcherServlet  - FrameworkServlet 'spring': initialization completed in 577 ms
2013-01-29 15:14:24,509 [DEBUG] org.springframework.web.servlet.DispatcherServlet  - Servlet 'spring' configured successfully
